<?xml version="1.0" encoding="UTF-8"?>
<testsuite name="ru.sar.neo.addressbook.tests.GroupDeletionTests" tests="1" skipped="0" failures="0" errors="0" timestamp="2019-07-20T14:37:22" hostname="MM-OZZV-4" time="2.326">
  <properties/>
  <testcase name="testGroupDeletion" classname="ru.sar.neo.addressbook.tests.GroupDeletionTests" time="2.326"/>
  <system-out><![CDATA[]]></system-out>
  <system-err><![CDATA[]]></system-err>
</testsuite>
