<?xml version="1.0" encoding="UTF-8"?>
<testsuite name="ru.sar.neo.addressbook.tests.GroupCreationTests" tests="4" skipped="0" failures="0" errors="0" timestamp="2019-07-20T14:36:59" hostname="MM-OZZV-4" time="19.303">
  <properties/>
  <testcase name="testBadGroupCreation" classname="ru.sar.neo.addressbook.tests.GroupCreationTests" time="6.208"/>
  <testcase name="testGroupCreation[0](GroupData{id=0, name='Group 0'})" classname="ru.sar.neo.addressbook.tests.GroupCreationTests" time="4.896"/>
  <testcase name="testGroupCreation[1](GroupData{id=0, name='Group 1'})" classname="ru.sar.neo.addressbook.tests.GroupCreationTests" time="4.008"/>
  <testcase name="testGroupCreation[2](GroupData{id=0, name='Group 2'})" classname="ru.sar.neo.addressbook.tests.GroupCreationTests" time="3.712"/>
  <system-out><![CDATA[]]></system-out>
  <system-err><![CDATA[]]></system-err>
</testsuite>
